FILE_TYPE=LIBRARY_PARTS;
PRIMITIVE 'AL5809_20P1_7';
  PIN
    'IN':
      PIN_NUMBER='(1)';
      NO_LOAD_CHECK=BOTH;
      NO_IO_CHECK=BOTH;
      ALLOW_CONNECT=TRUE;
      PINUSE='UNSPEC';
    'OUT':
      PIN_NUMBER='(2)';
      NO_LOAD_CHECK=BOTH;
      NO_IO_CHECK=BOTH;
      ALLOW_CONNECT=TRUE;
      PINUSE='UNSPEC';
  END_PIN;
  BODY
    PART_NAME='AL5809_20P1_7';
    PHYS_DES_PREFIX='IC';
    NO_LOAD_CHECK='TRUE';
    PIN_COUNT='2';
    BODY_NAME='AL5809_20P1_7';
    JEDEC_TYPE='AL580920QP17';
  END_BODY;
END_PRIMITIVE;
END.
